[35m[Appium][39m Welcome to Appium v1.12.1
[35m[Appium][39m Non-default server args:
[35m[Appium][39m   port: 50178
[35m[Appium][39m   chromeDriverPort: 50179
[35m[Appium][39m   tmpDir: C:\Users\NewUser\AppData\Local\Temp\\Katalon\Appium\Temp1582537379762
[35m[Appium][39m Appium REST http interface listener started on 0.0.0.0:50178
[35m[HTTP][39m [37m-->[39m [37mGET[39m [37m/wd/hub/status[39m
[35m[HTTP][39m [90m{}[39m
[debug] [35m[GENERIC][39m Calling AppiumDriver.getStatus() with args: []
[debug] [35m[GENERIC][39m Responding to client with driver.getStatus() result: {"build":{"version":"1.12.1"}}
[35m[HTTP][39m [37m<-- GET /wd/hub/status [39m[32m200[39m [90m6 ms - 68[39m
[35m[HTTP][39m [90m[39m
[35m[HTTP][39m [37m-->[39m [37mGET[39m [37m/wd/hub/status[39m
[35m[HTTP][39m [90m{}[39m
[debug] [35m[GENERIC][39m Calling AppiumDriver.getStatus() with args: []
[debug] [35m[GENERIC][39m Responding to client with driver.getStatus() result: {"build":{"version":"1.12.1"}}
[35m[HTTP][39m [37m<-- GET /wd/hub/status [39m[32m200[39m [90m2 ms - 68[39m
[35m[HTTP][39m [90m[39m
[35m[HTTP][39m [37m-->[39m [37mPOST[39m [37m/wd/hub/session[39m
[35m[HTTP][39m [90m{"desiredCapabilities":{"appActivity":".Settings","appPackage":"com.android.settings","newCommandTimeout":1800,"platformVersion":"7.1.2","automationName":"uiautomator2","autoGrantPermissions":true,"platformName":"Android","udid":"4b974607d040","deviceName":"Xiaomi Redmi 4X (Android 7.1.2)","platform":"ANDROID","systemPort":8258},"capabilities":{"firstMatch":[{"appium:appActivity":".Settings","appium:appPackage":"com.android.settings","appium:autoGrantPermissions":true,"appium:automationName":"uiautomator2","appium:deviceName":"Xiaomi Redmi 4X (Android 7.1.2)","appium:newCommandTimeout":1800,"platform":"ANDROID","platformName":"android","appium:platformVersion":"7.1.2","appium:systemPort":8258,"appium:udid":"4b974607d040"}]}}[39m
[debug] [35m[W3C][39m Calling AppiumDriver.createSession() with args: [{"appActivity":".Settings","appPackage":"com.android.settings","newCommandTimeout":1800,"platformVersion":"7.1.2","automationName":"uiautomator2","autoGrantPermissions":true,"platformName":"Android","udid":"4b974607d040","deviceName":"Xiaomi Redmi 4X (Android 7.1.2)","platform":"ANDROID","systemPort":8258},null,{"firstMatch":[{"appium:appActivity":".Settings","appium:appPackage":"com.android.settings","appium:autoGrantPermissions":true,"appium:automationName":"uiautomator2","appium:deviceName":"Xiaomi Redmi 4X (Android 7.1.2)","appium:newCommandTimeout":1800,"platform":"ANDROID","platformName":"android","appium:platformVersion":"7.1.2","appium:systemPort":8258,"appium:udid":"4b974607d040"}]}]
[debug] [35m[BaseDriver][39m Event 'newSessionRequested' logged at 1582537382999 (16:43:02 GMT+0700 (Western Indonesia Time))
[35m[BaseDriver][39m The capabilities ["platform"] are not standard capabilities and should have an extension prefix
[35m[Appium][39m Appium v1.12.1 creating new AndroidUiautomator2Driver (v1.33.0) session
[35m[Appium][39m Capabilities:
[35m[Appium][39m   platform: ANDROID
[35m[Appium][39m   platformName: android
[35m[Appium][39m   appActivity: .Settings
[35m[Appium][39m   appPackage: com.android.settings
[35m[Appium][39m   autoGrantPermissions: true
[35m[Appium][39m   automationName: uiautomator2
[35m[Appium][39m   deviceName: Xiaomi Redmi 4X (Android 7.1.2)
[35m[Appium][39m   newCommandTimeout: 1800
[35m[Appium][39m   platformVersion: 7.1.2
[35m[Appium][39m   systemPort: 8258
[35m[Appium][39m   udid: 4b974607d040
[debug] [35m[BaseDriver][39m W3C capabilities {"alwaysMatch":{"appium:pla... and MJSONWP desired capabilities {"appActivity":".Settings",... were provided
[debug] [35m[BaseDriver][39m Creating session with W3C capabilities: {"alwaysMatch":{"appium:pla...
[35m[BaseDriver][39m The following capabilities were provided, but are not recognized by appium: platform.
[35m[BaseDriver][39m Session created with session id: 3c584bd4-2690-466f-a47d-5bde18ed8e47
[35m[ADB][39m Checking whether adb is present
[35m[ADB][39m Found 1 'build-tools' folders under 'C:\Users\NewUser\.katalon\tools\android_sdk' (newest first):
[35m[ADB][39m     C:/Users/NewUser/.katalon/tools/android_sdk/build-tools/29.0.2
[35m[ADB][39m Using adb.exe from C:\Users\NewUser\.katalon\tools\android_sdk\platform-tools\adb.exe
[35m[AndroidDriver][39m Retrieving device list
[debug] [35m[ADB][39m Trying to find a connected android device
[debug] [35m[ADB][39m Getting connected devices...
[debug] [35m[ADB][39m 1 device(s) connected
[35m[AndroidDriver][39m Using device: 4b974607d040
[debug] [35m[ADB][39m Setting device id to 4b974607d040
[debug] [35m[ADB][39m Running 'C:\Users\NewUser\.katalon\tools\android_sdk\platform-tools\adb.exe -P 5037 -s 4b974607d040 shell getprop ro.build.version.sdk'
[debug] [35m[ADB][39m Current device property 'ro.build.version.sdk': 25
[debug] [35m[ADB][39m Device API level: 25
[35m[AndroidDriver][39m No app sent in, not parsing package/activity
[debug] [35m[ADB][39m Running 'C:\Users\NewUser\.katalon\tools\android_sdk\platform-tools\adb.exe -P 5037 -s 4b974607d040 wait-for-device'
[debug] [35m[ADB][39m Running 'C:\Users\NewUser\.katalon\tools\android_sdk\platform-tools\adb.exe -P 5037 -s 4b974607d040 shell echo ping'
[debug] [35m[AndroidDriver][39m Pushing settings apk to device...
[debug] [35m[ADB][39m Getting install status for io.appium.settings
[debug] [35m[ADB][39m Running 'C:\Users\NewUser\.katalon\tools\android_sdk\platform-tools\adb.exe -P 5037 -s 4b974607d040 shell dumpsys package io.appium.settings'
[debug] [35m[ADB][39m 'io.appium.settings' is installed
[debug] [35m[ADB][39m Getting package info for 'io.appium.settings'
[debug] [35m[ADB][39m Running 'C:\Users\NewUser\.katalon\tools\android_sdk\platform-tools\adb.exe -P 5037 -s 4b974607d040 shell dumpsys package io.appium.settings'
[35m[ADB][39m Checking whether aapt is present
[35m[ADB][39m Using aapt.exe from C:\Users\NewUser\.katalon\tools\android_sdk\build-tools\29.0.2\aapt.exe
[debug] [35m[ADB][39m The version name of the installed 'io.appium.settings' is greater or equal to the application version name ('2.14.0' >= '2.14.0')
[debug] [35m[ADB][39m There is no need to install/upgrade 'C:\Users\NewUser\AppData\Roaming\npm\node_modules\appium\node_modules\io.appium.settings\apks\settings_apk-debug.apk'
[debug] [35m[ADB][39m Getting IDs of all 'io.appium.settings' processes
[debug] [35m[ADB][39m Running 'C:\Users\NewUser\.katalon\tools\android_sdk\platform-tools\adb.exe -P 5037 -s 4b974607d040 shell 'pgrep --help; echo $?''
[debug] [35m[ADB][39m Running 'C:\Users\NewUser\.katalon\tools\android_sdk\platform-tools\adb.exe -P 5037 -s 4b974607d040 shell pgrep \^appium\\.settings\$'
[debug] [35m[ADB][39m Running 'C:\Users\NewUser\.katalon\tools\android_sdk\platform-tools\adb.exe -P 5037 -s 4b974607d040 shell am start -W -n io.appium.settings/.Settings -a android.intent.action.MAIN -c android.intent.category.LAUNCHER -f 0x10200000'
[debug] [35m[ADB][39m Running 'C:\Users\NewUser\.katalon\tools\android_sdk\platform-tools\adb.exe -P 5037 -s 4b974607d040 shell appops set io.appium.settings android\:mock_location allow'
[debug] [35m[Logcat][39m Starting logcat capture
[debug] [35m[ADB][39m Getting install status for io.appium.uiautomator2.server
[debug] [35m[ADB][39m Running 'C:\Users\NewUser\.katalon\tools\android_sdk\platform-tools\adb.exe -P 5037 -s 4b974607d040 shell dumpsys package io.appium.uiautomator2.server'
[debug] [35m[ADB][39m 'io.appium.uiautomator2.server' is installed
[debug] [35m[ADB][39m Getting package info for 'io.appium.uiautomator2.server'
[debug] [35m[ADB][39m Running 'C:\Users\NewUser\.katalon\tools\android_sdk\platform-tools\adb.exe -P 5037 -s 4b974607d040 shell dumpsys package io.appium.uiautomator2.server'
[debug] [35m[ADB][39m The version name of the installed 'io.appium.uiautomator2.server' is greater or equal to the application version name ('3.4.0' >= '3.4.0')
[debug] [35m[UiAutomator2][39m io.appium.uiautomator2.server installation state: sameVersionInstalled
[debug] [35m[ADB][39m Checking app cert for C:\Users\NewUser\AppData\Roaming\npm\node_modules\appium\node_modules\appium-uiautomator2-server\apks\appium-uiautomator2-server-v3.4.0.apk
[35m[ADB][39m Using apksigner.bat from C:\Users\NewUser\.katalon\tools\android_sdk\build-tools\29.0.2\apksigner.bat
[debug] [35m[ADB][39m Starting 'C:\Users\NewUser\.katalon\tools\android_sdk\build-tools\29.0.2\apksigner.bat' with args '["verify","--print-certs","C:\\Users\\NewUser\\AppData\\Roaming\\npm\\node_modules\\appium\\node_modules\\appium-uiautomator2-server\\apks\\appium-uiautomator2-server-v3.4.0.apk"]'
[debug] [35m[ADB][39m apksigner stdout: Signer #1 certificate DN: EMAILADDRESS=android@android.com, CN=Android, OU=Android, O=Android, L=Mountain View, ST=California, C=US
[debug] [35m[ADB][39m Signer #1 certificate SHA-256 digest: a40da80a59d170caa950cf15c18c454d47a39b26989d8b640ecd745ba71bf5dc
[debug] [35m[ADB][39m Signer #1 certificate SHA-1 digest: 61ed377e85d386a8dfee6b864bd85b0bfaa5af81
[debug] [35m[ADB][39m Signer #1 certificate MD5 digest: e89b158e4bcf988ebd09eb83f5378e87
[debug] [35m[ADB][39m 
[debug] [35m[ADB][39m 'C:\Users\NewUser\AppData\Roaming\npm\node_modules\appium\node_modules\appium-uiautomator2-server\apks\appium-uiautomator2-server-v3.4.0.apk' is already signed.
[debug] [35m[ADB][39m Getting install status for io.appium.uiautomator2.server.test
[debug] [35m[ADB][39m Running 'C:\Users\NewUser\.katalon\tools\android_sdk\platform-tools\adb.exe -P 5037 -s 4b974607d040 shell dumpsys package io.appium.uiautomator2.server.test'
[debug] [35m[ADB][39m 'io.appium.uiautomator2.server.test' is installed
[debug] [35m[ADB][39m Checking app cert for C:\Users\NewUser\AppData\Roaming\npm\node_modules\appium\node_modules\appium-uiautomator2-server\apks\appium-uiautomator2-server-debug-androidTest.apk
[debug] [35m[ADB][39m Starting 'C:\Users\NewUser\.katalon\tools\android_sdk\build-tools\29.0.2\apksigner.bat' with args '["verify","--print-certs","C:\\Users\\NewUser\\AppData\\Roaming\\npm\\node_modules\\appium\\node_modules\\appium-uiautomator2-server\\apks\\appium-uiautomator2-server-debug-androidTest.apk"]'
[debug] [35m[ADB][39m apksigner stdout: Signer #1 certificate DN: EMAILADDRESS=android@android.com, CN=Android, OU=Android, O=Android, L=Mountain View, ST=California, C=US
[debug] [35m[ADB][39m Signer #1 certificate SHA-256 digest: a40da80a59d170caa950cf15c18c454d47a39b26989d8b640ecd745ba71bf5dc
[debug] [35m[ADB][39m Signer #1 certificate SHA-1 digest: 61ed377e85d386a8dfee6b864bd85b0bfaa5af81
[debug] [35m[ADB][39m Signer #1 certificate MD5 digest: e89b158e4bcf988ebd09eb83f5378e87
[debug] [35m[ADB][39m 
[debug] [35m[ADB][39m 'C:\Users\NewUser\AppData\Roaming\npm\node_modules\appium\node_modules\appium-uiautomator2-server\apks\appium-uiautomator2-server-debug-androidTest.apk' is already signed.
[35m[UiAutomator2][39m Server packages are not going to be (re)installed
[debug] [35m[UiAutomator2][39m Waiting up to 30000ms for services to be available
[debug] [35m[ADB][39m Running 'C:\Users\NewUser\.katalon\tools\android_sdk\platform-tools\adb.exe -P 5037 -s 4b974607d040 shell pm list instrumentation'
[debug] [35m[UiAutomator2][39m Instrumentation target 'io.appium.uiautomator2.server.test/androidx.test.runner.AndroidJUnitRunner' is available
[debug] [35m[UiAutomator2][39m Forwarding UiAutomator2 Server port 6790 to 8258
[debug] [35m[ADB][39m Forwarding system: 8258 to device: 6790
[debug] [35m[ADB][39m Running 'C:\Users\NewUser\.katalon\tools\android_sdk\platform-tools\adb.exe -P 5037 -s 4b974607d040 forward tcp\:8258 tcp\:6790'
[debug] [35m[UiAutomator2][39m No app capability. Assuming it is already on the device
[debug] [35m[ADB][39m Getting install status for com.android.settings
[debug] [35m[ADB][39m Running 'C:\Users\NewUser\.katalon\tools\android_sdk\platform-tools\adb.exe -P 5037 -s 4b974607d040 shell dumpsys package com.android.settings'
[debug] [35m[ADB][39m 'com.android.settings' is installed
[debug] [35m[ADB][39m Running 'C:\Users\NewUser\.katalon\tools\android_sdk\platform-tools\adb.exe -P 5037 -s 4b974607d040 shell am force-stop com.android.settings'
[debug] [35m[ADB][39m Running 'C:\Users\NewUser\.katalon\tools\android_sdk\platform-tools\adb.exe -P 5037 -s 4b974607d040 shell pm clear com.android.settings'
[debug] [35m[ADB][39m Running 'C:\Users\NewUser\.katalon\tools\android_sdk\platform-tools\adb.exe -P 5037 -s 4b974607d040 shell dumpsys package com.android.settings'
[debug] [35m[ADB][39m Retrieving requested permissions
[debug] [35m[ADB][39m Retrieved 228 permission(s) from ["requested"] group(s)
[debug] [35m[ADB][39m Retrieving granted permissions
[debug] [35m[ADB][39m Retrieved 212 permission(s) from ["install","runtime"] group(s)
[35m[ADB][39m com.android.settings contains no permissions available for granting
[debug] [35m[AndroidDriver][39m Performed fast reset on the installed 'com.android.settings' application (stop and clear)
[[debug] [35m[AndroidDriver][39m Performed fast reset on the installed 'com.android.settings' application (stop and clear)
[debug] [35m[UiAutomator2][39m Performing shallow cleanup of automation leftovers
[35m[HTTP][39m [37m<-- POST /wd/hub/session [39m[32m-[39m [90m- ms - -[39m
[35m[HTTP][39m [90m[39m
automation leftovers
[35m[HTTP][39m [37m<-- POST /wd/hub/session [39m[32m-[39m [90m- ms - -[39m
[35m[HTTP][39m [90m[39m
utomator2 server from 'C:\Users\NewUser\AppData\Roaming\npm\node_modules\appium\node_modules\appium-uiautomator2-server\apks\appium-uiautomator2-server-v3.4.0.apk' and test from 'C:\Users\NewUser\AppData\Roaming\npm\node_modules\appium\node_modules\appium-uiautomator2-server\apks\appium-uiautomator2-server-debug-androidTest.apk'
[35m[UiAutomator2][39m Waiting up to 30000ms for UiAutomator2 to be online...
[debug] [35m[ADB][39m Creating ADB subprocess with args: ["-P",5037,"-s","4b974607d040","shell","am","instrument","-w","io.appium.uiautomator2.server.test/androidx.test.runner.AndroidJUnitRunner"]
[debug] [35m[WD Proxy][39m Matched '/status' to command name 'getStatus'
[debug] [35m[WD Proxy][39m Proxying [GET /status] to [GET http://localhost:8258/wd/hub/status] with no body
[35m[WD Proxy][39m Got an unexpected response: {"code":"ECONNRESET"}
[debug] [35m[Instrumentation][39m io.appium.uiautomator2.server.test.AppiumUiAutomator2Server:
[debug] [35m[WD Proxy][39m Matched '/status' to command name 'getStatus'
[debug] [35m[WD Proxy][39m Proxying [GET /status] to [GET http://localhost:8258/wd/hub/status] with no body
[35m[WD Proxy][39m Got an unexpected response: {"code":"ECONNRESET"}
[debug] [35m[WD Proxy][39m Matched '/status' to command name 'getStatus'
[debug] [35m[WD Proxy][39m Proxying [GET /status] to [GET http://localhost:8258/wd/hub/status] with no body
[debug] [35m[WD Proxy][39m Got response with status 200: "{\"sessionId\":\"None\",\"status\":0,\"value\":\"Status Invoked\"}"
[debug] [35m[UiAutomator2][39m The initialization of the instrumentation process took 3109ms
[debug] [35m[WD Proxy][39m Matched '/session' to command name 'createSession'
[debug] [35m[WD Proxy][39m Proxying [POST /session] to [POST http://localhost:8258/wd/hub/session] with body: {"desiredCapabilities":{"platform":"ANDROID","webStorageEnabled":false,"takesScreenshot":true,"javascriptEnabled":true,"databaseEnabled":false,"networkConnectionEnabled":true,"locationContextEnabled":false,"warnings":{},"desired":{"platformName":"android","platform":"ANDROID","appActivity":".Settings","appPackage":"com.android.settings","autoGrantPermissions":true,"automationName":"uiautomator2","deviceName":"Xiaomi Redmi 4X (Android 7.1.2)","newCommandTimeout":1800,"platformVersion":"7.1.2","systemPort":8258,"udid":"4b974607d040"},"platformName":"android","appActivity":".Settings","appPackage":"com.android.settings","autoGrantPermissions":true,"automationName":"uiautomator2","deviceName":"4b974607d040","newCommandTimeout":1800,"platformVersion":"7.1.2","systemPort":8258,"udid":"4b974607d040","deviceUDID":"4b974607d040"}}
[debug] [35m[WD Proxy][39m Got response with status 200: {"sessionId":"3d79024d-4edd-4883-a546-dd5d72dc26eb","status":0,"value":"Created Session"}
[debug] [35m[WD Proxy][39m Proxying [GET /appium/device/info] to [GET http://localhost:8258/wd/hub/session/3d79024d-4edd-4883-a546-dd5d72dc26eb/appium/device/info] with no body
[debug] [35m[WD Proxy][39m Got response with status 200: "{\"sessionId\":\"3d79024d-4edd-4883-a546-dd5d72dc26eb\",\"status\":0,\"value\":{\"androidId\":\"ef3be8b1e3405b8d\",\"manufacturer\":\"Xiaomi\",\"model\":\"Redmi 4X\",\"brand\":\"Xiaomi\",\"apiVersion\":\"25\",\"platformVersion\":\"7.1.2\",\"carrierName\":\"\",\"realDisplaySize\":\"720x1280\",\"displayDensity\":320}}"
[debug] [35m[ADB][39m Running 'C:\Users\NewUser\.katalon\tools\android_sdk\platform-tools\adb.exe -P 5037 -s 4b974607d040 shell dumpsys window'
[35m[AndroidDriver][39m Screen already unlocked, doing nothing
[35m[UiAutomator2][39m UiAutomator2 did not start the activity we were waiting for, 'com.android.settings/.Settings'. Starting it ourselves
[debug] [35m[ADB][39m Running 'C:\Users\NewUser\.katalon\tools\android_sdk\platform-tools\adb.exe -P 5037 -s 4b974607d040 shell am start -W -n com.android.settings/.Settings -S -a android.intent.action.MAIN -c android.intent.category.LAUNCHER -f 0x10200000'
[debug] [35m[WD Proxy][39m Proxying [GET /appium/device/pixel_ratio] to [GET http://localhost:8258/wd/hub/session/3d79024d-4edd-4883-a546-dd5d72dc26eb/appium/device/pixel_ratio] with body: {}
[debug] [35m[WD Proxy][39m Got response with status 200: "{\"sessionId\":\"3d79024d-4edd-4883-a546-dd5d72dc26eb\",\"status\":0,\"value\":2}"
[debug] [35m[WD Proxy][39m Matched '/appium/device/system_bars' to command name 'getSystemBars'
[debug] [35m[WD Proxy][39m Proxying [GET /appium/device/system_bars] to [GET http://localhost:8258/wd/hub/session/3d79024d-4edd-4883-a546-dd5d72dc26eb/appium/device/system_bars] with body: {}
[debug] [35m[WD Proxy][39m Got response with status 200: "{\"sessionId\":\"3d79024d-4edd-4883-a546-dd5d72dc26eb\",\"status\":0,\"value\":{\"statusBar\":50}}"
[debug] [35m[WD Proxy][39m Matched '/window/current/size' to command name 'getWindowSize'
[debug] [35m[WD Proxy][39m Proxying [GET /window/current/size] to [GET http://localhost:8258/wd/hub/session/3d79024d-4edd-4883-a546-dd5d72dc26eb/window/current/size] with body: {}
[debug] [35m[WD Proxy][39m Got response with status 200: "{\"sessionId\":\"3d79024d-4edd-4883-a546-dd5d72dc26eb\",\"status\":0,\"value\":{\"height\":1280,\"width\":720}}"
[35m[Appium][39m New AndroidUiautomator2Driver session created successfully, session 3c584bd4-2690-466f-a47d-5bde18ed8e47 added to master session list
[debug] [35m[BaseDriver][39m Event 'newSessionStarted' logged at 1582537399059 (16:43:19 GMT+0700 (Western Indonesia Time))
[debug] [35m[W3C (3c584bd4)][39m Cached the protocol value 'W3C' for the new session 3c584bd4-2690-466f-a47d-5bde18ed8e47
[debug] [35m[W3C (3c584bd4)][39m Responding to client with driver.createSession() result: {"capabilities":{"platform":"ANDROID","webStorageEnabled":false,"takesScreenshot":true,"javascriptEnabled":true,"databaseEnabled":false,"networkConnectionEnabled":true,"locationContextEnabled":false,"warnings":{},"desired":{"platformName":"android","platform":"ANDROID","appActivity":".Settings","appPackage":"com.android.settings","autoGrantPermissions":true,"automationName":"uiautomator2","deviceName":"Xiaomi Redmi 4X (Android 7.1.2)","newCommandTimeout":1800,"platformVersion":"7.1.2","systemPort":8258,"udid":"4b974607d040"},"platformName":"android","appActivity":".Settings","appPackage":"com.android.settings","autoGrantPermissions":true,"automationName":"uiautomator2","deviceName":"4b974607d040","newCommandTimeout":1800,"platformVersion":"7.1.2","systemPort":8258,"udid":"4b974607d040","deviceUDID":"4b974607d040","deviceApiLevel":25,"deviceScreenSize":"720x1280","deviceScreenDensity":320,"deviceModel":"Redmi 4X","deviceManufacturer":"Xiaomi","pixelRatio":2,"statBarHeight":50,"viewportRect":{"left":0,"top":...
[35m[HTTP][39m [37m<-- POST /wd/hub/session [39m[32m200[39m [90m16075 ms - 1113[39m
[35m[HTTP][39m [90m[39m
[35m[HTTP][39m [37m-->[39m [37mGET[39m [37m/wd/hub/session/3c584bd4-2690-466f-a47d-5bde18ed8e47[39m
[35m[HTTP][39m [90m{}[39m
[debug] [35m[W3C (3c584bd4)][39m Calling AppiumDriver.getSession() with args: ["3c584bd4-2690-466f-a47d-5bde18ed8e47"]
[debug] [35m[UiAutomator2][39m Getting session details from server to mix in
[debug] [35m[WD Proxy][39m Matched '/' to command name 'getSession'
[debug] [35m[WD Proxy][39m Proxying [GET /] to [GET http://localhost:8258/wd/hub/session/3d79024d-4edd-4883-a546-dd5d72dc26eb] with body: {}
[debug] [35m[WD Proxy][39m Got response with status 200: "{\"sessionId\":\"3d79024d-4edd-4883-a546-dd5d72dc26eb\",\"status\":0,\"value\":{}}"
[debug] [35m[W3C (3c584bd4)][39m Responding to client with driver.getSession() result: {"platform":"ANDROID","webStorageEnabled":false,"takesScreenshot":true,"javascriptEnabled":true,"databaseEnabled":false,"networkConnectionEnabled":true,"locationContextEnabled":false,"warnings":{},"desired":{"platformName":"android","platform":"ANDROID","appActivity":".Settings","appPackage":"com.android.settings","autoGrantPermissions":true,"automationName":"uiautomator2","deviceName":"Xiaomi Redmi 4X (Android 7.1.2)","newCommandTimeout":1800,"platformVersion":"7.1.2","systemPort":8258,"udid":"4b974607d040"},"platformName":"android","appActivity":".Settings","appPackage":"com.android.settings","autoGrantPermissions":true,"automationName":"uiautomator2","deviceName":"4b974607d040","newCommandTimeout":1800,"platformVersion":"7.1.2","systemPort":8258,"udid":"4b974607d040","deviceUDID":"4b974607d040","deviceApiLevel":25,"deviceScreenSize":"720x1280","deviceScreenDensity":320,"deviceModel":"Redmi 4X","deviceManufacturer":"Xiaomi","pixelRatio":2,"statBarHeight":50,"viewportRect":{"left":0,"top":50,"width":720,"...
[35m[HTTP][39m [37m<-- GET /wd/hub/session/3c584bd4-2690-466f-a47d-5bde18ed8e47 [39m[32m200[39m [90m43 ms - 1045[39m
[35m[HTTP][39m [90m[39m
[35m[HTTP][39m [37m-->[39m [37mGET[39m [37m/wd/hub/session/3c584bd4-2690-466f-a47d-5bde18ed8e47[39m
[35m[HTTP][39m [90m{}[39m
[debug] [35m[W3C (3c584bd4)][39m Calling AppiumDriver.getSession() with args: ["3c584bd4-2690-466f-a47d-5bde18ed8e47"]
[debug] [35m[UiAutomator2][39m Getting session details from server to mix in
[debug] [35m[WD Proxy][39m Matched '/' to command name 'getSession'
[debug] [35m[WD Proxy][39m Proxying [GET /] to [GET http://localhost:8258/wd/hub/session/3d79024d-4edd-4883-a546-dd5d72dc26eb] with body: {}
[debug] [35m[WD Proxy][39m Got response with status 200: "{\"sessionId\":\"3d79024d-4edd-4883-a546-dd5d72dc26eb\",\"status\":0,\"value\":{}}"
[debug] [35m[W3C (3c584bd4)][39m Responding to client with driver.getSession() result: {"platform":"ANDROID","webStorageEnabled":false,"takesScreenshot":true,"javascriptEnabled":true,"databaseEnabled":false,"networkConnectionEnabled":true,"locationContextEnabled":false,"warnings":{},"desired":{"platformName":"android","platform":"ANDROID","appActivity":".Settings","appPackage":"com.android.settings","autoGrantPermissions":true,"automationName":"uiautomator2","deviceName":"Xiaomi Redmi 4X (Android 7.1.2)","newCommandTimeout":1800,"platformVersion":"7.1.2","systemPort":8258,"udid":"4b974607d040"},"platformName":"android","appActivity":".Settings","appPackage":"com.android.settings","autoGrantPermissions":true,"automationName":"uiautomator2","deviceName":"4b974607d040","newCommandTimeout":1800,"platformVersion":"7.1.2","systemPort":8258,"udid":"4b974607d040","deviceUDID":"4b974607d040","deviceApiLevel":25,"deviceScreenSize":"720x1280","deviceScreenDensity":320,"deviceModel":"Redmi 4X","deviceManufacturer":"Xiaomi","pixelRatio":2,"statBarHeight":50,"viewportRect":{"left":0,"top":50,"width":720,"...
[35m[HTTP][39m [37m<-- GET /wd/hub/session/3c584bd4-2690-466f-a47d-5bde18ed8e47 [39m[32m200[39m [90m21 ms - 1045[39m
[35m[HTTP][39m [90m[39m
[35m[HTTP][39m [37m-->[39m [37mGET[39m [37m/wd/hub/status[39m
[35m[HTTP][39m [90m{}[39m
[debug] [35m[GENERIC][39m Calling AppiumDriver.getStatus() with args: []
[debug] [35m[GENERIC][39m Responding to client with driver.getStatus() result: {"build":{"version":"1.12.1"}}
[35m[HTTP][39m [37m<-- GET /wd/hub/status [39m[32m200[39m [90m2 ms - 68[39m
[35m[HTTP][39m [90m[39m
[35m[HTTP][39m [37m-->[39m [37mPOST[39m [37m/wd/hub/session/3c584bd4-2690-466f-a47d-5bde18ed8e47/timeouts[39m
[35m[HTTP][39m [90m{"implicit":60000}[39m
[debug] [35m[W3C (3c584bd4)][39m Calling AppiumDriver.timeouts() with args: [null,null,null,null,60000,"3c584bd4-2690-466f-a47d-5bde18ed8e47"]
[debug] [35m[BaseDriver][39m W3C timeout argument: {"implicit":60000}}
[debug] [35m[BaseDriver][39m Set implicit wait to 60000ms
[debug] [35m[W3C (3c584bd4)][39m Responding to client with driver.timeouts() result: null
[35m[HTTP][39m [37m<-- POST /wd/hub/session/3c584bd4-2690-466f-a47d-5bde18ed8e47/timeouts [39m[32m200[39m [90m5 ms - 14[39m
[35m[HTTP][39m [90m[39m
[35m[HTTP][39m [37m-->[39m [37mPOST[39m [37m/wd/hub/session/3c584bd4-2690-466f-a47d-5bde18ed8e47/appium/device/activate_app[39m
[35m[HTTP][39m [90m{"bundleId":"id.co.commbank.wealth"}[39m
[debug] [35m[W3C (3c584bd4)][39m Calling AppiumDriver.activateApp() with args: ["id.co.commbank.wealth",null,null,null,"3c584bd4-2690-466f-a47d-5bde18ed8e47"]
[debug] [35m[AndroidDriver][39m Activating 'id.co.commbank.wealth' with 'adb shell monkey -p id.co.commbank.wealth -c android.intent.category.LAUNCHER 1' command
[debug] [35m[ADB][39m Running 'C:\Users\NewUser\.katalon\tools\android_sdk\platform-tools\adb.exe -P 5037 -s 4b974607d040 shell monkey -p id.co.commbank.wealth -c android.intent.category.LAUNCHER 1'
[debug] [35m[AndroidDriver][39m Command stdout: Events injected: 1
[debug] [35m[AndroidDriver][39m ## Network stats: elapsed time=23ms (0ms mobile, 0ms wifi, 23ms not connected)
[debug] [35m[W3C (3c584bd4)][39m Responding to client with driver.activateApp() result: null
[35m[HTTP][39m [37m<-- POST /wd/hub/session/3c584bd4-2690-466f-a47d-5bde18ed8e47/appium/device/activate_app [39m[32m200[39m [90m1053 ms - 14[39m
[35m[HTTP][39m [90m[39m
[35m[HTTP][39m [37m-->[39m [37mGET[39m [37m/wd/hub/session/3c584bd4-2690-466f-a47d-5bde18ed8e47/source[39m
[35m[HTTP][39m [90m{}[39m
[35m[W3C (3c584bd4)][39m Driver proxy active, passing request on via HTTP proxy
[debug] [35m[WD Proxy][39m Matched '/wd/hub/session/3c584bd4-2690-466f-a47d-5bde18ed8e47/source' to command name 'getPageSource'
[debug] [35m[WD Proxy][39m Proxying [GET /wd/hub/session/3c584bd4-2690-466f-a47d-5bde18ed8e47/source] to [GET http://localhost:8258/wd/hub/session/3d79024d-4edd-4883-a546-dd5d72dc26eb/source] with body: {}
[debug] [35m[WD Proxy][39m Got response with status 200: "{\"sessionId\":\"3d79024d-4edd-4883-a546-dd5d72dc26eb\",\"status\":0,\"value\":\"<?xml version='1.0' encoding='UTF-8' standalone='yes' ?>\\r\\n<hierarchy index=\\\"0\\\" class=\\\"hierarchy\\\" rotation=\\\"0\\\" width=\\\"720\\\" height=\\\"1280\\\">\\r\\n  <android.widget.FrameLayout index=\\\"0\\\" package=\\\"id.co.commbank.wealth\\\" class=\\\"android.widget.FrameLayout\\\" text=\\\"\\\" checkable=\\\"false\\\" checked=\\\"false\\\" clickable=\\\"false\\\" enabled=\\\"true\\\" focusable=\\\"false\\\" focused=\\\"false\\\" long-clickable=\\\"false\\\" password=\\\"false\\\" scrollable=\\\"false\\\" selected=\\\"false\\\" bounds=\\\"[0,0][720,1280]\\\" displayed=\\\"true\\\">\\r\\n    <android.widget.LinearLayout index=\\\"0\\\" package=\\\"id.co.commbank.wealth\\\" class=\\\"android.widget.LinearLayout\\\" text=\\\"\\\" checkable=\\\"false\\\" checked=\\\"false\\\" clickable=\\\"false\\\" enabled=\\\"true\\\" focusable=\\\"false\\\" focused=\\\"false\\\" long-clickable=\\\"false\\\" password=\\\"false...
[35m[WD Proxy][39m Replacing sessionId 3d79024d-4edd-4883-a546-dd5d72dc26eb with 3c584bd4-2690-466f-a47d-5bde18ed8e47
[35m[HTTP][39m [37m<-- GET /wd/hub/session/3c584bd4-2690-466f-a47d-5bde18ed8e47/source [39m[32m200[39m [90m1085 ms - 3807[39m
[35m[HTTP][39m [90m[39m
[35m[HTTP][39m [37m-->[39m [37mGET[39m [37m/wd/hub/session/3c584bd4-2690-466f-a47d-5bde18ed8e47/screenshot[39m
[35m[HTTP][39m [90m{}[39m
[debug] [35m[W3C (3c584bd4)][39m Calling AppiumDriver.getScreenshot() with args: ["3c584bd4-2690-466f-a47d-5bde18ed8e47"]
[debug] [35m[WD Proxy][39m Matched '/screenshot' to command name 'getScreenshot'
[debug] [35m[WD Proxy][39m Proxying [GET /screenshot] to [GET http://localhost:8258/wd/hub/session/3d79024d-4edd-4883-a546-dd5d72dc26eb/screenshot] with no body
[debug] [35m[WD Proxy][39m Got response with status 200: "{\"sessionId\":\"3d79024d-4edd-4883-a546-dd5d72dc26eb\",\"status\":0,\"value\":\"iVBORw0KGgoAAAANSUhEUgAAAtAAAAUACAYAAABuzmU9AAAABHNCSVQICAgIfAhkiAAAIABJREFU\\neJzsvWmTXNWVNbxyzqwqIcRQSAgJJCEhMZnRcptZgAcwtBtjG+weHB0dHf0XXn96f8PriP7Q0e12\\nRDtomkGvw24MdoMxxhiwBbQRYpAQ2GISskFQY2ZWVubzQc+6te6uczPvzbw5lOqsiIqqyrzDueee\\nYe2199kn893vfrcFDw8PDw8PDw8PD49YyA67AB4eHh4eHh4eHh4rCZ5Ae3h4eHh4eHh4eCSAJ9Ae\\nHh4eHh4eHh4eCeAJtIeHh4eHh4eHh0cCeALt4eHh4eHh4eHhkQCeQHt4eHh4eHh4eHgkgCfQHh4e\\nHh4eHh4eHgngCbSHh4eHh4eHh4dHAngC7eHh4eHh4eHh4ZEAnkB7eHh4eHh4eHh4JIAn0B4eHh4e\\nHh4eHh4J4Am0h4eHh4eHh4eHRwJ4Au3h4eHh4eGRGnK5HC6++GKUSqXY51xwwQU49dRT+1gqD490\\nkR92ATw8PDw8PDzSR6FQwK5du7B161asXbsWAPDpp5\\/irbfewoEDB7C4uAgA2Lp1K7Zv344nn3wS\\n9Xq9p3ueeeaZuPPOO3HmmWdi3759ePzxxzues2HDBvzVX\\/0VGo0GfvnLX+KFF15Aq9XqqRxp4\\/TT\\nT0ez2cTx48eHVoZ8Po\\/x8XEsLCxgfn5+6HW0efPmgd3ryJEjA7tXJpOJVbeeQHt4eHh4eJxk2L59\\nO774xS9iYmIi9PmGDRuwc+dOfPazn8Vjjz2G8fFx\\/OVf\\/iWy2SxeeeUVvPfee13f83Of+xyuv\\/56\\nZLNZtFotfPTRR7HOq9VqmJ6expo1a3DLLbfgwgsvxIMPPoj5+fmuy5Im...
[debug] [35m[W3C (3c584bd4)][39m Responding to client with driver.getScreenshot() result: "iVBORw0KGgoAAAANSUhEUgAAAtAAAAUACAYAAABuzmU9AAAABHNCSVQICAgIfAhkiAAAIABJREFU\neJzsvWmTXNWVNbxyzqwqIcRQSAgJJCEhMZnRcptZgAcwtBtjG+weHB0dHf0XXn96f8PriP7Q0e12\nRDtomkGvw24MdoMxxhiwBbQRYpAQ2GISskFQY2ZWVubzQc+6te6uczPvzbw5lOqsiIqqyrzDueee\nYe2199kn893vfrcFDw8PDw8PDw8PD49YyA67AB4eHh4eHh4eHh4rCZ5Ae3h4eHh4eHh4eCSAJ9Ae\nHh4eHh4eHh4eCeAJtIeHh4eHh4eHh0cCeALt4eHh4eHh4eHhkQCeQHt4eHh4eHh4eHgkgCfQHh4e\nHh4eHh4eHgngCbSHh4eHh4eHh4dHAngC7eHh4eHh4eHh4ZEAnkB7eHh4eHh4eHh4JIAn0B4eHh4e\nHh4eHh4J4Am0h4eHh4eHh4eHRwJ4Au3h4eHh4eGRGnK5HC6++GKUSqXY51xwwQU49dRT+1gqD490\nkR92ATw8PDw8PDzSR6FQwK5du7B161asXbsWAPDpp5/irbfewoEDB7C4uAgA2Lp1K7Zv344nn3wS\n9Xq9p3ueeeaZuPPOO3HmmWdi3759ePzxxzues2HDBvzVX/0VGo0GfvnLX+KFF15Aq9XqqRxp4/TT\nT0ez2cTx48eHVoZ8Po/x8XEsLCxgfn5+6HW0efPmgd3ryJEjA7tXJpOJVbeeQHt4eHh4eJxk2L59\nO774xS9iYmIi9PmGDRuwc+dOfPazn8Vjjz2G8fFx/OVf/iWy2SxeeeUVvPfee13f83Of+xyuv/56\nZLNZtFotfPTRR7HOq9VqmJ6expo1a3DLLbfgwgsvxIMPPoj5+fmuy5ImrrzyStx6661466238MAD\nDwzknuVyGdu2bcOOHTswOTmJ8fFxFIvF4Ptms4m5uTlMT0/jD3/4Aw4ePIijR4/2lVRv3rwZl1xy\nCbZv35...
[35m[HTTP][39m [37m<-- GET /wd/hub/session/3c584bd4-2690-466f-a47d-5bde18ed8e47/screenshot [39m[32m200[39m [90m1487 ms - 706590[39m
[35m[HTTP][39m [90m[39m
[35m[HTTP][39m [37m-->[39m [37mGET[39m [37m/wd/hub/session/3c584bd4-2690-466f-a47d-5bde18ed8e47/source[39m
[35m[HTTP][39m [90m{}[39m
[35m[W3C (3c584bd4)][39m Driver proxy active, passing request on via HTTP proxy
[debug] [35m[WD Proxy][39m Matched '/wd/hub/session/3c584bd4-2690-466f-a47d-5bde18ed8e47/source' to command name 'getPageSource'
[debug] [35m[WD Proxy][39m Proxying [GET /wd/hub/session/3c584bd4-2690-466f-a47d-5bde18ed8e47/source] to [GET http://localhost:8258/wd/hub/session/3d79024d-4edd-4883-a546-dd5d72dc26eb/source] with body: {}
[debug] [35m[WD Proxy][39m Got response with status 200: "{\"sessionId\":\"3d79024d-4edd-4883-a546-dd5d72dc26eb\",\"status\":0,\"value\":\"<?xml version='1.0' encoding='UTF-8' standalone='yes' ?>\\r\\n<hierarchy index=\\\"0\\\" class=\\\"hierarchy\\\" rotation=\\\"0\\\" width=\\\"720\\\" height=\\\"1280\\\">\\r\\n  <android.widget.FrameLayout index=\\\"0\\\" package=\\\"id.co.commbank.wealth\\\" class=\\\"android.widget.FrameLayout\\\" text=\\\"\\\" checkable=\\\"false\\\" checked=\\\"false\\\" clickable=\\\"false\\\" enabled=\\\"true\\\" focusable=\\\"false\\\" focused=\\\"false\\\" long-clickable=\\\"false\\\" password=\\\"false\\\" scrollable=\\\"false\\\" selected=\\\"false\\\" bounds=\\\"[0,0][720,1280]\\\" displayed=\\\"true\\\">\\r\\n    <android.widget.LinearLayout index=\\\"0\\\" package=\\\"id.co.commbank.wealth\\\" class=\\\"android.widget.LinearLayout\\\" text=\\\"\\\" checkable=\\\"false\\\" checked=\\\"false\\\" clickable=\\\"false\\\" enabled=\\\"true\\\" focusable=\\\"false\\\" focused=\\\"false\\\" long-clickable=\\\"false\\\" password=\\\"false...
[35m[WD Proxy][39m Replacing sessionId 3d79024d-4edd-4883-a546-dd5d72dc26eb with 3c584bd4-2690-466f-a47d-5bde18ed8e47
[35m[HTTP][39m [37m<-- GET /wd/hub/session/3c584bd4-2690-466f-a47d-5bde18ed8e47/source [39m[32m200[39m [90m964 ms - 17344[39m
[35m[HTTP][39m [90m[39m
[35m[HTTP][39m [37m-->[39m [37mGET[39m [37m/wd/hub/session/3c584bd4-2690-466f-a47d-5bde18ed8e47/screenshot[39m
[35m[HTTP][39m [90m{}[39m
[debug] [35m[W3C (3c584bd4)][39m Calling AppiumDriver.getScreenshot() with args: ["3c584bd4-2690-466f-a47d-5bde18ed8e47"]
[debug] [35m[WD Proxy][39m Matched '/screenshot' to command name 'getScreenshot'
[debug] [35m[WD Proxy][39m Proxying [GET /screenshot] to [GET http://localhost:8258/wd/hub/session/3d79024d-4edd-4883-a546-dd5d72dc26eb/screenshot] with no body
[debug] [35m[WD Proxy][39m Got response with status 200: "{\"sessionId\":\"3d79024d-4edd-4883-a546-dd5d72dc26eb\",\"status\":0,\"value\":\"iVBORw0KGgoAAAANSUhEUgAAAtAAAAUACAYAAABuzmU9AAAABHNCSVQICAgIfAhkiAAAIABJREFU\\neJzsvXmwXcV5L\\/rrtffRkZCE5gkhgY50NIDAAgECIwRICGwIGGMzJ46TSiW5N3Hl1avkVl3fV\\/Ve\\nXtW7VS++lSqDb6puKoNjMCEMCoEwBkywwQIswCAECIGwJTQgBsERGo7O2avfHz19Pa1h732OxEv\\/\\nbHTWXquHr7u\\/\\/r5fD6sX++53v8uRkJCQkJCQkJCQkFAJ2bEWICEhISEhISEhIeGLhESgExISEhIS\\nEhISEmogEeiEhISEhISEhISEGkgEOiEhISEhISEhIaEGEoFOSEhISEhISEhIqIFEoBMSEhISEhIS\\nEhJqIBHohISEhISEhISEhBpIBDohISEhISEhISGhBhKBTkhISEhISEhISKiBRKATEhISEhISEhIS\\naiAR6ISEhISEhISEhIQaSAQ6ISEhISEhISEhoQYSgU5ISEhISEjoGhqNBpYvX47e3t7KcZYsWYLJ\\nkyePoFQJCd1F81gLkJCQkJCQkNB99PT0YNmyZejr68OkSZMAAJ999hm2b9+OLVu2oNVqAQD6+vrQ\\n39+Pp59+GkePHu0ozxkzZuCaa67BjBkzsGnTJjz55JOlcebMmYOvf\\/3rGB4exr\\/\\/+7\\/jpZdeAue8\\nIzm6jWnTpiHPc+zfv\\/+YydBsNjF+\\/HgMDQ3h8OHDx7yO5s+fP2p57dixY9TyYoxVqttEoBMSEhIS\\nEv5\\/hv7+flxxxRWYMGGCdX\\/OnDlYunQpzjvvPDz22GMYP348vva1ryHLMrz++uvYtWtX23mef\\/75\\nWLNmDbIsA+ccH3\\/8caV4g4ODOHDgACZOnIjLLrsM...
[debug] [35m[W3C (3c584bd4)][39m Responding to client with driver.getScreenshot() result: "iVBORw0KGgoAAAANSUhEUgAAAtAAAAUACAYAAABuzmU9AAAABHNCSVQICAgIfAhkiAAAIABJREFU\neJzsvXmwXcV5L/rrtffRkZCE5gkhgY50NIDAAgECIwRICGwIGGMzJ46TSiW5N3Hl1avkVl3fV/Ve\nXtW7VS++lSqDb6puKoNjMCEMCoEwBkywwQIswCAECIGwJTQgBsERGo7O2avfHz19Pa1h732OxEv/\nbHTWXquHr7u//r5fD6sX++53v8uRkJCQkJCQkJCQkFAJ2bEWICEhISEhISEhIeGLhESgExISEhIS\nEhISEmogEeiEhISEhISEhISEGkgEOiEhISEhISEhIaEGEoFOSEhISEhISEhIqIFEoBMSEhISEhIS\nEhJqIBHohISEhISEhISEhBpIBDohISEhISEhISGhBhKBTkhISEhISEhISKiBRKATEhISEhISEhIS\naiAR6ISEhISEhISEhIQaSAQ6ISEhISEhISEhoQYSgU5ISEhISEjoGhqNBpYvX47e3t7KcZYsWYLJ\nkyePoFQJCd1F81gLkJCQkJCQkNB99PT0YNmyZejr68OkSZMAAJ999hm2b9+OLVu2oNVqAQD6+vrQ\n39+Pp59+GkePHu0ozxkzZuCaa67BjBkzsGnTJjz55JOlcebMmYOvf/3rGB4exr//+7/jpZdeAue8\nIzm6jWnTpiHPc+zfv/+YydBsNjF+/HgMDQ3h8OHDx7yO5s+fP2p57dixY9TyYoxVqttEoBMSEhIS\nEv5/hv7+flxxxRWYMGGCdX/OnDlYunQpzjvvPDz22GMYP348vva1ryHLMrz++uvYtWtX23mef/75\nWLNmDbIsA+ccH3/8caV4g4ODOHDgACZOnIjLLrsMp512Gu69914cPny4bVm6iZUrV2L9+vXYvn07\n7rnnnlHJc+zYsVi4cCEWL16MmTNnYvz48RgzZox+nuc5Dh06hAMHDuBXv/oV3n77bezdu3dESfX8\n+fNxxh...
[35m[HTTP][39m [37m<-- GET /wd/hub/session/3c584bd4-2690-466f-a47d-5bde18ed8e47/screenshot [39m[32m200[39m [90m755 ms - 216722[39m
[35m[HTTP][39m [90m[39m
[35m[HTTP][39m [37m-->[39m [37mDELETE[39m [37m/wd/hub/session/3c584bd4-2690-466f-a47d-5bde18ed8e47[39m
[35m[HTTP][39m [90m{}[39m
[debug] [35m[W3C (3c584bd4)][39m Calling AppiumDriver.deleteSession() with args: ["3c584bd4-2690-466f-a47d-5bde18ed8e47"]
[debug] [35m[BaseDriver][39m Event 'quitSessionRequested' logged at 1582537795888 (16:49:55 GMT+0700 (Western Indonesia Time))
[35m[Appium][39m Removing session 3c584bd4-2690-466f-a47d-5bde18ed8e47 from our master session list
[debug] [35m[UiAutomator2][39m Deleting UiAutomator2 session
[debug] [35m[UiAutomator2][39m Deleting UiAutomator2 server session
[debug] [35m[WD Proxy][39m Matched '/' to command name 'deleteSession'
[debug] [35m[WD Proxy][39m Proxying [DELETE /] to [DELETE http://localhost:8258/wd/hub/session/3d79024d-4edd-4883-a546-dd5d72dc26eb] with no body
[debug] [35m[WD Proxy][39m Got response with status 200: "{\"sessionId\":\"3d79024d-4edd-4883-a546-dd5d72dc26eb\",\"status\":0,\"value\":\"Session deleted\"}"
[debug] [35m[ADB][39m Running 'C:\Users\NewUser\.katalon\tools\android_sdk\platform-tools\adb.exe -P 5037 -s 4b974607d040 shell am force-stop com.android.settings'
[debug] [35m[Instrumentation][39m .
[debug] [35m[Logcat][39m Stopping logcat capture
[debug] [35m[ADB][39m Removing forwarded port socket connection: 8258 
[debug] [35m[ADB][39m Running 'C:\Users\NewUser\.katalon\tools\android_sdk\platform-tools\adb.exe -P 5037 -s 4b974607d040 forward --remove tcp\:8258'
[debug] [35m[BaseDriver][39m Event 'quitSessionFinished' logged at 1582537797069 (16:49:57 GMT+0700 (Western Indonesia Time))
[debug] [35m[W3C (3c584bd4)][39m Received response: null
[debug] [35m[W3C (3c584bd4)][39m But deleting session, so not returning
[debug] [35m[W3C (3c584bd4)][39m Responding to client with driver.deleteSession() result: null
[35m[HTTP][39m [37m<-- DELETE /wd/hub/session/3c584bd4-2690-466f-a47d-5bde18ed8e47 [39m[32m200[39m [90m1183 ms - 14[39m
[35m[HTTP][39m [90m[39m
